1 119144
2 119147
3 119152
4 119159
5 119168
6 119179
7 119192
8 119207
9 119224
10 119243
11 119264
12 119287
13 119312
14 119339
15 119368
16 119399
17 119432
18 119467
19 119504
20 119543
21 119584
22 119627
23 119672
24 119719
25 119768
26 119819
27 119872
28 119927
29 119984
30 120043
31 120104
32 120167
33 120232
34 120299
35 120368
36 120439
37 120512
38 120587
39 120664
40 120743
41 120824
42 120907
43 120992
44 121079
45 121168
46 121259
47 121352
48 121447
49 121544
50 121643
51 121744
52 121847
53 121952
54 122059
55 122168
56 122279
57 122392
58 122507
59 122624
60 122743
61 122864
62 122987
63 123112
64 123239
65 123368
66 123499
67 123632
68 123767
69 123904
Factors: 421 283